<?xml version="1.0" encoding="UTF-8"?>
<!-- Generated by org.testng.reporters.JUnitReportReporter -->
<testsuite skipped="0" hostname="DESKTOP-UGKGNS5" name="tests.LoginPageTest" tests="4" failures="0" timestamp="2022-06-11T02:54:11 IST" time="25.345" errors="0">
  <testcase name="verifyValidLogin" time="6.656" classname="tests.LoginPageTest"/>
  <testcase name="verifyValidLogin" time="7.107" classname="tests.LoginPageTest"/>
  <testcase name="verifyTitle" time="7.349" classname="tests.LoginPageTest"/>
  <testcase name="verifyTitle" time="4.233" classname="tests.LoginPageTest"/>
</testsuite> <!-- tests.LoginPageTest -->
