<?xml version="1.0" encoding="UTF-8"?>
<!-- Generated by org.testng.reporters.JUnitReportReporter -->
<testsuite skipped="0" hostname="DESKTOP-UGKGNS5" name="tests.WelcomePageTest" tests="2" failures="0" timestamp="2022-06-11T02:54:11 IST" time="21.795" errors="0">
  <testcase name="verifyLoginButtonPresent" time="6.698" classname="tests.WelcomePageTest"/>
  <testcase name="verifyLoginButtonPresent" time="15.097" classname="tests.WelcomePageTest"/>
</testsuite> <!-- tests.WelcomePageTest -->
