<?xml version="1.0" encoding="UTF-8"?>
<!-- Generated by org.testng.reporters.JUnitReportReporter -->
<testsuite skipped="0" hostname="DESKTOP-UGKGNS5" name="tests.UpdateAccountTest" tests="6" failures="0" timestamp="2022-06-12T19:19:30 IST" time="50.113" errors="0">
  <testcase name="test2VerifyValidInput" time="8.748" classname="tests.UpdateAccountTest"/>
  <testcase name="test5VerifyUpdateAccountTitle1" time="6.914" classname="tests.UpdateAccountTest"/>
  <testcase name="test4VerifyUpdateAccountTitle" time="9.504" classname="tests.UpdateAccountTest"/>
  <testcase name="test1VerifyUpdateAccount" time="7.928" classname="tests.UpdateAccountTest"/>
  <testcase name="test6ClickUpdateAccountPageHomeButton" time="7.038" classname="tests.UpdateAccountTest"/>
  <testcase name="test3VerifyInValidInput" time="9.981" classname="tests.UpdateAccountTest"/>
</testsuite> <!-- tests.UpdateAccountTest -->
